STAR svn revision compiled=STAR_2.3.0e_r291
STAR compilation time,server,dir=Mon Feb 11 00:33:16 EST 2013 modena.cshl.edu:/data/gingeras/user/dobin/STAR/SandBox/STAR/STAR_2.3.0e
##### DEFAULT parameters:
versionSTAR                       20201
versionGenome                     20101   20200   
parametersFiles                   -   
runMode                           alignReads
runThreadN                        1
genomeDir                         ./GenomeDir/
genomeLoad                        NoSharedMemory
genomeFastaFiles                  -   
genomeSAindexNbases               14
genomeChrBinNbits                 18
genomeSAsparseD                   1
readFilesIn                       Read1   Read2   
readFilesCommand                  -   
readMatesLengthsIn                NotEqual
limitGenomeGenerateRAM            31000000000
limitIObufferSize                 150000000
outFileNamePrefix                 ./
outStd                            Log
outSAMmode                        Full
outSAMstrandField                 None
outSAMattributes                  Standard
outSAMunmapped                    None
outReadsUnmapped                  None
outQSconversionAdd                0
outSJfilterReads                  All
outSJfilterCountUniqueMin         3   1   1   1   
outSJfilterCountTotalMin          3   1   1   1   
outSJfilterOverhangMin            30   12   12   12   
outSJfilterDistToOtherSJmin       10   0   5   10   
outSJfilterIntronMaxVsReadN       50000   100000   200000   
outFilterType                     Normal
outFilterMultimapNmax             10
outFilterMultimapScoreRange       1
outFilterScoreMin                 0
outFilterScoreMinOverLread        0.66
outFilterMatchNmin                0
outFilterMatchNminOverLread       0.66
outFilterMismatchNmax             10
outFilterMismatchNoverLmax        0.3
outFilterIntronMotifs             None
clip5pNbases                      0   
clip3pNbases                      0   
clip3pAfterAdapterNbases          0   
clip3pAdapterSeq                  -   
clip3pAdapterMMp                  0.1   
winBinNbits                       16
winAnchorDistNbins                9
winFlankNbins                     4
winAnchorMultimapNmax             50
scoreGap                          0
scoreGapNoncan                    -8
scoreGapGCAG                      -4
scoreGapATAC                      -8
scoreStitchSJshift                1
scoreGenomicLengthLog2scale       -0.25
scoreDelBase                      -2
scoreDelOpen                      -2
scoreInsOpen                      -2
scoreInsBase                      -2
seedSearchLmax                    0
seedSearchStartLmax               50
seedSearchStartLmaxOverLread      1
seedPerReadNmax                   1000
seedPerWindowNmax                 50
seedNoneLociPerWindow             10
seedMultimapNmax                  10000
alignIntronMin                    21
alignIntronMax                    0
alignMatesGapMax                  0
alignTranscriptsPerReadNmax       10000
alignSJoverhangMin                5
alignSJDBoverhangMin              3
alignSplicedMateMapLmin           0
alignSplicedMateMapLminOverLmate    0.66
alignWindowsPerReadNmax           10000
alignTranscriptsPerWindowNmax     100
chimSegmentMin                    0
chimScoreMin                      0
chimScoreDropMax                  20
chimScoreSeparation               10
chimScoreJunctionNonGTAG          -1
chimJunctionOverhangMin           20
sjdbFileChrStartEnd               -
sjdbGTFfile                       -
sjdbGTFchrPrefix                  -
sjdbGTFfeatureExon                exon
sjdbGTFtagExonParentTranscript    transcript_id
sjdbOverhang                      0
sjdbScore                         2
swMode                            0
swWinCoverageMinP                 50
##### Command Line:
STAR   --genomeDir /home/brad/lib/index/star/taeGut1_ind1/ --readFilesIn test_dna2.fastq.gz --readFilesCommand zcat 
##### Initial USER parameters from Command Line:
###### All USER parameters from Command Line:
genomeDir                     /home/brad/lib/index/star/taeGut1_ind1/     " RE-DEFINED
readFilesIn                   test_dna2.fastq.gz        " RE-DEFINED
readFilesCommand              zcat        " RE-DEFINED
##### Finished reading parameters from all sources

##### Final user re-defined parameters-----------------:
genomeDir                         /home/brad/lib/index/star/taeGut1_ind1/
readFilesIn                       test_dna2.fastq.gz   
readFilesCommand                  zcat   

-------------------------------
##### Final effective command line:
STAR   --genomeDir /home/brad/lib/index/star/taeGut1_ind1/   --readFilesIn test_dna2.fastq.gz      --readFilesCommand zcat   

##### Final parameters after user input--------------------------------:
versionSTAR                       20201
versionGenome                     20101   20200   
parametersFiles                   -   
runMode                           alignReads
runThreadN                        1
genomeDir                         /home/brad/lib/index/star/taeGut1_ind1/
genomeLoad                        NoSharedMemory
genomeFastaFiles                  -   
genomeSAindexNbases               14
genomeChrBinNbits                 18
genomeSAsparseD                   1
readFilesIn                       test_dna2.fastq.gz   
readFilesCommand                  zcat   
readMatesLengthsIn                NotEqual
limitGenomeGenerateRAM            31000000000
limitIObufferSize                 150000000
outFileNamePrefix                 ./
outStd                            Log
outSAMmode                        Full
outSAMstrandField                 None
outSAMattributes                  Standard
outSAMunmapped                    None
outReadsUnmapped                  None
outQSconversionAdd                0
outSJfilterReads                  All
outSJfilterCountUniqueMin         3   1   1   1   
outSJfilterCountTotalMin          3   1   1   1   
outSJfilterOverhangMin            30   12   12   12   
outSJfilterDistToOtherSJmin       10   0   5   10   
outSJfilterIntronMaxVsReadN       50000   100000   200000   
outFilterType                     Normal
outFilterMultimapNmax             10
outFilterMultimapScoreRange       1
outFilterScoreMin                 0
outFilterScoreMinOverLread        0.66
outFilterMatchNmin                0
outFilterMatchNminOverLread       0.66
outFilterMismatchNmax             10
outFilterMismatchNoverLmax        0.3
outFilterIntronMotifs             None
clip5pNbases                      0   
clip3pNbases                      0   
clip3pAfterAdapterNbases          0   
clip3pAdapterSeq                  -   
clip3pAdapterMMp                  0.1   
winBinNbits                       16
winAnchorDistNbins                9
winFlankNbins                     4
winAnchorMultimapNmax             50
scoreGap                          0
scoreGapNoncan                    -8
scoreGapGCAG                      -4
scoreGapATAC                      -8
scoreStitchSJshift                1
scoreGenomicLengthLog2scale       -0.25
scoreDelBase                      -2
scoreDelOpen                      -2
scoreInsOpen                      -2
scoreInsBase                      -2
seedSearchLmax                    0
seedSearchStartLmax               50
seedSearchStartLmaxOverLread      1
seedPerReadNmax                   1000
seedPerWindowNmax                 50
seedNoneLociPerWindow             10
seedMultimapNmax                  10000
alignIntronMin                    21
alignIntronMax                    0
alignMatesGapMax                  0
alignTranscriptsPerReadNmax       10000
alignSJoverhangMin                5
alignSJDBoverhangMin              3
alignSplicedMateMapLmin           0
alignSplicedMateMapLminOverLmate    0.66
alignWindowsPerReadNmax           10000
alignTranscriptsPerWindowNmax     100
chimSegmentMin                    0
chimScoreMin                      0
chimScoreDropMax                  20
chimScoreSeparation               10
chimScoreJunctionNonGTAG          -1
chimJunctionOverhangMin           20
sjdbFileChrStartEnd               -
sjdbGTFfile                       -
sjdbGTFchrPrefix                  -
sjdbGTFfeatureExon                exon
sjdbGTFtagExonParentTranscript    transcript_id
sjdbOverhang                      0
sjdbScore                         2
swMode                            0
swWinCoverageMinP                 50
----------------------------------------

Finished loading and checking parameters
Reading genome generation parameters:
versionGenome                 20201        " RE-DEFINED
genomeFastaFiles              /home/brad/lib/genomes/taeGut1.fa   /home/brad/lib/genomes/RNA.SpikeIn.ERCC.fa        " RE-DEFINED
genomeSAindexNbases           14     " RE-DEFINED
genomeChrBinNbits             18     " RE-DEFINED
genomeSAsparseD               1     " RE-DEFINED
sjdbOverhang                  49     " RE-DEFINED
sjdbFileChrStartEnd           -     " RE-DEFINED
Genome version is compatible with current STAR version
Started loading the genome: Thu Oct 30 13:22:11 2014

Read from SAindex: genomeSAindexNbases=14  nSAi=357913940
Genome file size: 1281202011 bytes; state: good=1 eof=0 fail=0 bad=0
SA file size: 1281202011 bytes; state: good=1 eof=0 fail=0 bad=0
nGenome=1281202011;  nSAbyte=10205744761
GstrandBit=32   SA number of indices=2474119942
Shared memory is not used for genomes. Allocated a private copy of the genome.
Genome file size: 1281202011 bytes; state: good=1 eof=0 fail=0 bad=0
Loading Genome ... done! state: good=1 eof=0 fail=0 bad=0; loaded 1281202011 bytes
SA file size: 10205744761 bytes; state: good=1 eof=0 fail=0 bad=0
Loading SA ... 